<?xml version="1.0" encoding="UTF-8"?>
<testng-results ignored="0" total="1" passed="1" failed="0" skipped="0">
  <reporter-output>
  </reporter-output>
  <suite started-at="2024-03-09T07:21:39Z" name="Default suite" finished-at="2024-03-09T07:21:49Z" duration-ms="9586">
    <groups>
    </groups>
    <test started-at="2024-03-09T07:21:39Z" name="Default test" finished-at="2024-03-09T07:21:49Z" duration-ms="9586">
      <class name="sdet.FirstTestClass">
        <test-method signature="maiiin()[pri:0, instance:sdet.FirstTestClass@72035809]" started-at="2024-03-09T12:51:39Z" name="maiiin" finished-at="2024-03-09T12:51:49Z" duration-ms="9570" status="PASS">
          <reporter-output>
          </reporter-output>
        </test-method> <!-- maiiin -->
      </class> <!-- sdet.FirstTestClass -->
    </test> <!-- Default test -->
  </suite> <!-- Default suite -->
</testng-results>
