<?xml version="1.0" encoding="UTF-8"?>
<!-- Generated by org.testng.reporters.JUnitXMLReporter -->
<testsuite ignored="3" hostname="LAPTOP-K26E8UFK" failures="0" tests="5" name="Testng with xml" time="6.609" errors="0" timestamp="04 Feb 2024 12:50:24 GMT">
  <testcase classname="sdet.testing" name="loginnn" time="2.497"/>
  <testcase classname="sdet.TestngMethods" name="hello" time="0.0"/>
  <testcase classname="sdet.testngmethods2" name="tc3" time="0.001"/>
  <testcase classname="sdet.testngmethods2" name="tc4" time="0.0"/>
  <testcase classname="sdet.mouseover" name="mouseovers" time="2.604"/>
  <testcase classname="sdet.TestngMethods" name="tc2" time="0.0">
    <ignored/>
  </testcase> <!-- tc2 -->
  <testcase classname="sdet.TestngMethods" name="tc1" time="0.0">
    <ignored/>
  </testcase> <!-- tc1 -->
  <testcase classname="sdet.testing" name="unsucess" time="0.0">
    <ignored/>
  </testcase> <!-- unsucess -->
</testsuite> <!-- Testng with xml -->
